<?xml version="1.0" encoding="UTF-8"?>
<!-- Generated by org.testng.reporters.JUnitXMLReporter -->
<testsuite hostname="MS-DT-0043" name="Supplier" tests="1" failures="1" timestamp="26 Dec 2017 12:59:17 GMT" time="9.944" errors="0">
  <testcase name="scenarioTest" time="0.155" classname="com.modular.framework.Functional_TestSuites.AssignmentTest">
    <failure type="org.testng.TestNGException" message="
The data provider is trying to pass 8 parameters but the method com.modular.framework.Functional_TestSuites.AssignmentTest#scenarioTest takes 1">
      <![CDATA[org.testng.TestNGException: 
The data provider is trying to pass 8 parameters but the method com.modular.framework.Functional_TestSuites.AssignmentTest#scenarioTest takes 1
... Removed 21 stack frames]]>
    </failure>
  </testcase> <!-- scenarioTest -->
</testsuite> <!-- Supplier -->
