<?xml version="1.0" encoding="UTF-8"?>
<testng-results skipped="0" failed="0" ignored="0" total="1" passed="1">
  <reporter-output>
    <line>
      <![CDATA[Driver control in ProductDetails page]]>
    </line>
    <line>
      <![CDATA[Shoe size selected dynamically]]>
    </line>
    <line>
      <![CDATA[Search for Element]]>
    </line>
    <line>
      <![CDATA[Quantity selected dynamically]]>
    </line>
    <line>
      <![CDATA[Notify button clicked]]>
    </line>
  </reporter-output>
  <suite name="Suite" duration-ms="92209" started-at="2017-12-26T12:59:57Z" finished-at="2017-12-26T13:01:29Z">
    <groups>
    </groups>
    <test name="Supplier" duration-ms="92209" started-at="2017-12-26T12:59:57Z" finished-at="2017-12-26T13:01:29Z">
      <class name="com.modular.framework.Functional_TestSuites.AssignmentTest">
        <test-method status="PASS" signature="scenarioTest([Ljava.lang.String;)[pri:0, instance:com.modular.framework.Functional_TestSuites.AssignmentTest@29176cc1]" name="scenarioTest" duration-ms="82779" started-at="2017-12-26T18:30:06Z" data-provider="dataTest12" finished-at="2017-12-26T18:31:29Z">
          <params>
            <param index="0">
              <value>
                <![CDATA[[Ljava.lang.String;@242aa8d9]]>
              </value>
            </param>
          </params>
          <reporter-output>
            <line>
              <![CDATA[Driver control in ProductDetails page]]>
            </line>
            <line>
              <![CDATA[Shoe size selected dynamically]]>
            </line>
            <line>
              <![CDATA[Search for Element]]>
            </line>
            <line>
              <![CDATA[Quantity selected dynamically]]>
            </line>
            <line>
              <![CDATA[Notify button clicked]]>
            </line>
          </reporter-output>
        </test-method> <!-- scenarioTest -->
      </class> <!-- com.modular.framework.Functional_TestSuites.AssignmentTest -->
      <class name="com.modular.framework.InitWebdriver.InitDriver">
        <test-method status="PASS" signature="beforeTestCofig()[pri:0, instance:com.modular.framework.InitWebdriver.InitDriver@27ae2fd0]" name="beforeTestCofig" is-config="true" duration-ms="9281" started-at="2017-12-26T18:29:57Z" finished-at="2017-12-26T18:30:06Z">
          <reporter-output>
          </reporter-output>
        </test-method> <!-- beforeTestCofig -->
      </class> <!-- com.modular.framework.InitWebdriver.InitDriver -->
    </test> <!-- Supplier -->
  </suite> <!-- Suite -->
</testng-results>
